0 info it worked if it ends with ok
1 verbose cli [ 'node', '/usr/local/bin/npm', 'install' ]
2 info using npm@2.0.2
3 info using node@v0.10.25
4 verbose readDependencies using package.json deps
5 verbose install where, deps [ '/Applications/MAMP/htdocs/DBP/_Angular/DBP_angular_browserfy_grunt',
5 verbose install   [ 'karma-chrome-launcher',
5 verbose install     'angular-module-touch',
5 verbose install     'handlebars',
5 verbose install     'jquery',
5 verbose install     'angular',
5 verbose install     'angular-route',
5 verbose install     'browser-sync',
5 verbose install     'browserify',
5 verbose install     'browserify-shim',
5 verbose install     'gsap',
5 verbose install     'gulp',
5 verbose install     'gulp-changed',
5 verbose install     'gulp-compass',
5 verbose install     'gulp-imagemin',
5 verbose install     'gulp-notify',
5 verbose install     'gulp-sass',
5 verbose install     'gulp-util',
5 verbose install     'hbsfy',
5 verbose install     'karma',
5 verbose install     'karma-jasmine',
5 verbose install     'karma-phantomjs-launcher',
5 verbose install     'karma-bro',
5 verbose install     'brfs',
5 verbose install     'pretty-hrtime',
5 verbose install     'require-dir',
5 verbose install     'three',
5 verbose install     'vinyl-source-stream',
5 verbose install     'watchify' ] ]
6 info preinstall dbpAPP@0.0.0
7 warn package.json karma-chrome-launcher@0.1.5 No README data
8 warn package.json karma-phantomjs-launcher@0.1.4 No README data
9 warn package.json gsap@1.13.2 'repositories' (plural) Not supported. Please pick one as the 'repository' field
10 verbose readDependencies using package.json deps
11 verbose already installed skipping browserify-shim@~3.7.0 /Applications/MAMP/htdocs/DBP/_Angular/DBP_angular_browserfy_grunt
12 verbose already installed skipping gsap@^1.13.2 /Applications/MAMP/htdocs/DBP/_Angular/DBP_angular_browserfy_grunt
13 verbose already installed skipping gulp@^3.8.7 /Applications/MAMP/htdocs/DBP/_Angular/DBP_angular_browserfy_grunt
14 verbose already installed skipping gulp-compass@^1.3.2 /Applications/MAMP/htdocs/DBP/_Angular/DBP_angular_browserfy_grunt
15 verbose already installed skipping gulp-changed@^0.4.1 /Applications/MAMP/htdocs/DBP/_Angular/DBP_angular_browserfy_grunt
16 verbose already installed skipping gulp-imagemin@^0.6.2 /Applications/MAMP/htdocs/DBP/_Angular/DBP_angular_browserfy_grunt
17 verbose already installed skipping gulp-sass@^1.1.0 /Applications/MAMP/htdocs/DBP/_Angular/DBP_angular_browserfy_grunt
18 verbose already installed skipping gulp-notify@^1.4.2 /Applications/MAMP/htdocs/DBP/_Angular/DBP_angular_browserfy_grunt
19 verbose already installed skipping gulp-util@^3.0.0 /Applications/MAMP/htdocs/DBP/_Angular/DBP_angular_browserfy_grunt
20 verbose already installed skipping karma@^0.12.0 /Applications/MAMP/htdocs/DBP/_Angular/DBP_angular_browserfy_grunt
21 verbose already installed skipping hbsfy@~2.0.0 /Applications/MAMP/htdocs/DBP/_Angular/DBP_angular_browserfy_grunt
22 verbose already installed skipping karma-jasmine@^0.1.5 /Applications/MAMP/htdocs/DBP/_Angular/DBP_angular_browserfy_grunt
23 verbose cache add [ 'karma-bro@~0.9.0', null ]
24 verbose cache add spec="karma-bro@~0.9.0" args=["karma-bro@~0.9.0",null]
25 verbose parsed spec { raw: 'karma-bro@~0.9.0',
25 verbose parsed spec   scope: null,
25 verbose parsed spec   name: 'karma-bro',
25 verbose parsed spec   rawSpec: '~0.9.0',
25 verbose parsed spec   spec: '>=0.9.0 <0.10.0',
25 verbose parsed spec   type: 'range' }
26 verbose already installed skipping karma-phantomjs-launcher@^0.1.4 /Applications/MAMP/htdocs/DBP/_Angular/DBP_angular_browserfy_grunt
27 verbose parsed spec { raw: 'karma-bro@~0.9.0',
27 verbose parsed spec   scope: null,
27 verbose parsed spec   name: 'karma-bro',
27 verbose parsed spec   rawSpec: '~0.9.0',
27 verbose parsed spec   spec: '>=0.9.0 <0.10.0',
27 verbose parsed spec   type: 'range' }
28 verbose addNamed [ 'karma-bro', '>=0.9.0 <0.10.0' ]
29 verbose addNamed [ null, '>=0.9.0 <0.10.0' ]
30 verbose already installed skipping brfs@^1.2.0 /Applications/MAMP/htdocs/DBP/_Angular/DBP_angular_browserfy_grunt
31 verbose already installed skipping pretty-hrtime@~0.2.1 /Applications/MAMP/htdocs/DBP/_Angular/DBP_angular_browserfy_grunt
32 verbose already installed skipping require-dir@^0.1.0 /Applications/MAMP/htdocs/DBP/_Angular/DBP_angular_browserfy_grunt
33 silly lockFile 5e60d38b-karma-bro-0-9-0-0-10-0 karma-bro@>=0.9.0 <0.10.0
34 verbose lock karma-bro@>=0.9.0 <0.10.0 /Users/designbuildplay/.npm/5e60d38b-karma-bro-0-9-0-0-10-0.lock
35 silly addNameRange { name: 'karma-bro', range: '>=0.9.0 <0.10.0', hasData: false }
36 verbose mapToRegistry name karma-bro
37 verbose mapToRegistry uri https://registry.npmjs.org/karma-bro
38 verbose already installed skipping vinyl-source-stream@~0.1.1 /Applications/MAMP/htdocs/DBP/_Angular/DBP_angular_browserfy_grunt
39 verbose already installed skipping three@^0.66.4 /Applications/MAMP/htdocs/DBP/_Angular/DBP_angular_browserfy_grunt
40 verbose already installed skipping watchify@~1.0.2 /Applications/MAMP/htdocs/DBP/_Angular/DBP_angular_browserfy_grunt
41 verbose request on initialization, where is /karma-bro
42 verbose request after pass 1, where is /karma-bro
43 verbose request url raw /karma-bro
44 verbose request resolving registry [ 'https://registry.npmjs.org/', './karma-bro' ]
45 verbose request after pass 2, where is https://registry.npmjs.org/karma-bro
46 verbose request no auth needed
47 info attempt registry request try #1 at 12:34:53
48 verbose request id 58b8734b662e8fdb
49 verbose etag "AHW3VVAQS6VA5XWJIFFEN96SG"
50 http request GET https://registry.npmjs.org/karma-bro
51 verbose already installed skipping handlebars@^2.0.0 /Applications/MAMP/htdocs/DBP/_Angular/DBP_angular_browserfy_grunt
52 verbose already installed skipping karma-chrome-launcher@^0.1.4 /Applications/MAMP/htdocs/DBP/_Angular/DBP_angular_browserfy_grunt
53 verbose already installed skipping angular-module-touch@^1.2.19 /Applications/MAMP/htdocs/DBP/_Angular/DBP_angular_browserfy_grunt
54 verbose already installed skipping jquery@~2.1.0 /Applications/MAMP/htdocs/DBP/_Angular/DBP_angular_browserfy_grunt
55 verbose already installed skipping angular@^1.2.23 /Applications/MAMP/htdocs/DBP/_Angular/DBP_angular_browserfy_grunt
56 verbose already installed skipping angular-route@^1.3.0 /Applications/MAMP/htdocs/DBP/_Angular/DBP_angular_browserfy_grunt
57 verbose already installed skipping browser-sync@~1.3.6 /Applications/MAMP/htdocs/DBP/_Angular/DBP_angular_browserfy_grunt
58 verbose already installed skipping browserify@~5.10.1 /Applications/MAMP/htdocs/DBP/_Angular/DBP_angular_browserfy_grunt
59 http 304 https://registry.npmjs.org/karma-bro
60 silly registry.get cb [ 304,
60 silly registry.get   { date: 'Fri, 17 Oct 2014 11:33:51 GMT',
60 silly registry.get     server: 'Apache',
60 silly registry.get     via: '1.1 varnish',
60 silly registry.get     'last-modified': 'Fri, 17 Oct 2014 11:33:51 GMT',
60 silly registry.get     'cache-control': 'max-age=60',
60 silly registry.get     etag: '"AHW3VVAQS6VA5XWJIFFEN96SG"',
60 silly registry.get     age: '0',
60 silly registry.get     'x-served-by': 'cache-lcy1122-LCY',
60 silly registry.get     'x-cache': 'MISS',
60 silly registry.get     'x-cache-hits': '0',
60 silly registry.get     'x-timer': 'S1413545631.455180,VS0,VE151',
60 silly registry.get     vary: 'Accept',
60 silly registry.get     'content-length': '0',
60 silly registry.get     'keep-alive': 'timeout=10, max=50',
60 silly registry.get     connection: 'Keep-Alive' } ]
61 verbose etag https://registry.npmjs.org/karma-bro from cache
62 silly addNameRange number 2 { name: 'karma-bro', range: '>=0.9.0 <0.10.0', hasData: true }
63 silly addNameRange versions [ 'karma-bro',
63 silly addNameRange   [ '0.1.0',
63 silly addNameRange     '0.2.0',
63 silly addNameRange     '0.2.1',
63 silly addNameRange     '0.2.2',
63 silly addNameRange     '0.3.0',
63 silly addNameRange     '0.4.0',
63 silly addNameRange     '0.5.0',
63 silly addNameRange     '0.6.0',
63 silly addNameRange     '0.6.1',
63 silly addNameRange     '0.6.2',
63 silly addNameRange     '0.7.0',
63 silly addNameRange     '0.7.1',
63 silly addNameRange     '0.8.0' ] ]
64 silly lockFile 5e60d38b-karma-bro-0-9-0-0-10-0 karma-bro@>=0.9.0 <0.10.0
65 silly lockFile 5e60d38b-karma-bro-0-9-0-0-10-0 karma-bro@>=0.9.0 <0.10.0
66 verbose stack Error: No compatible version found: karma-bro@'>=0.9.0 <0.10.0'
66 verbose stack Valid install targets:
66 verbose stack ["0.1.0","0.2.0","0.2.1","0.2.2","0.3.0","0.4.0","0.5.0","0.6.0","0.6.1","0.6.2","0.7.0","0.7.1","0.8.0"]
66 verbose stack
66 verbose stack     at installTargetsError (/usr/local/lib/node_modules/npm/lib/cache/add-named.js:258:12)
66 verbose stack     at next (/usr/local/lib/node_modules/npm/lib/cache/add-named.js:237:17)
66 verbose stack     at setData (/usr/local/lib/node_modules/npm/lib/cache/add-named.js:214:5)
66 verbose stack     at saved (/usr/local/lib/node_modules/npm/node_modules/npm-registry-client/lib/get.js:167:7)
66 verbose stack     at Object.oncomplete (fs.js:107:15)
67 verbose cwd /Applications/MAMP/htdocs/DBP/_Angular/DBP_angular_browserfy_grunt
68 error Darwin 13.4.0
69 error argv "node" "/usr/local/bin/npm" "install"
70 error node v0.10.25
71 error npm  v2.0.2
72 error code ETARGET
73 error notarget No compatible version found: karma-bro@'>=0.9.0 <0.10.0'
73 error notarget Valid install targets:
73 error notarget ["0.1.0","0.2.0","0.2.1","0.2.2","0.3.0","0.4.0","0.5.0","0.6.0","0.6.1","0.6.2","0.7.0","0.7.1","0.8.0"]
73 error notarget
73 error notarget This is most likely not a problem with npm itself.
73 error notarget In most cases you or one of your dependencies are requesting
73 error notarget a package version that doesn't exist.
74 verbose exit [ 1, true ]
